<?xml version="1.0" encoding="UTF-8"?>
<!-- Generated by org.testng.reporters.JUnitReportReporter -->
<testsuite hostname="DESKTOP-QRJIP05" failures="0" tests="3" name="ocrText_runner_Execution.OCR_Text_Execution" time="-1756445312.000" errors="1" timestamp="2025-08-29T10:59:52 IST" skipped="1">
  <testcase classname="ocrText_runner_Execution.OCR_Text_Execution" name="afterSuite" time="-1756445440.000">
    <error message="
Native Injection is NOT supported for @AfterSuite annotated afterSuite.
For more information on native dependency injection please refer to https://testng.org/#_dependency_injection" type="org.testng.TestNGException">
      <![CDATA[org.testng.TestNGException: 
Native Injection is NOT supported for @AfterSuite annotated afterSuite.
For more information on native dependency injection please refer to https://testng.org/#_dependency_injection
at org.testng.internal.Parameters.checkParameterTypes(Parameters.java:442)
at org.testng.internal.Parameters.createParametersForMethod(Parameters.java:347)
at org.testng.internal.Parameters.createParameters(Parameters.java:699)
at org.testng.internal.Parameters.createConfigurationParameters(Parameters.java:163)
at org.testng.internal.invokers.ConfigInvoker.invokeConfigurations(ConfigInvoker.java:313)
at org.testng.SuiteRunner.privateRun(SuiteRunner.java:386)
at org.testng.SuiteRunner.run(SuiteRunner.java:312)
at org.testng.SuiteRunnerWorker.runSuite(SuiteRunnerWorker.java:52)
at org.testng.SuiteRunnerWorker.run(SuiteRunnerWorker.java:95)
at org.testng.TestNG.runSuitesSequentially(TestNG.java:1274)
at org.testng.TestNG.runSuitesLocally(TestNG.java:1208)
at org.testng.TestNG.runSuites(TestNG.java:1112)
at org.testng.TestNG.run(TestNG.java:1079)
at org.testng.remote.AbstractRemoteTestNG.run(AbstractRemoteTestNG.java:115)
at org.testng.remote.RemoteTestNG.initAndRun(RemoteTestNG.java:293)
at org.testng.remote.RemoteTestNG.main(RemoteTestNG.java:91)
]]>
    </error>
  </testcase> <!-- afterSuite -->
  <testcase classname="ocrText_runner_Execution.OCR_Text_Execution" name="Ocr_Text_Extraction_With_Api" time="83.517"/>
  <testcase classname="ocrText_runner_Execution.OCR_Text_Execution" name="Ocr_Text_Extraction_Without_Api">
    <skipped/>
  </testcase> <!-- Ocr_Text_Extraction_Without_Api -->
</testsuite> <!-- ocrText_runner_Execution.OCR_Text_Execution -->
